running egg_info
writing ../build/p3_ekf_adr/p3_ekf_adr.egg-info/PKG-INFO
writing dependency_links to ../build/p3_ekf_adr/p3_ekf_adr.egg-info/dependency_links.txt
writing entry points to ../build/p3_ekf_adr/p3_ekf_adr.egg-info/entry_points.txt
writing requirements to ../build/p3_ekf_adr/p3_ekf_adr.egg-info/requires.txt
writing top-level names to ../build/p3_ekf_adr/p3_ekf_adr.egg-info/top_level.txt
reading manifest file '../build/p3_ekf_adr/p3_ekf_adr.egg-info/SOURCES.txt'
adding license file 'LICENSE'
writing manifest file '../build/p3_ekf_adr/p3_ekf_adr.egg-info/SOURCES.txt'
running build
running build_py
copying p3_ekf_adr/kf_node.py -> /home/fernando/AdR/p3_ws/src/build/p3_ekf_adr/build/lib/p3_ekf_adr
copying p3_ekf_adr/ekf_8d_state_estimation.py -> /home/fernando/AdR/p3_ws/src/build/p3_ekf_adr/build/lib/p3_ekf_adr
copying p3_ekf_adr/ekf_7d_state_estimation.py -> /home/fernando/AdR/p3_ws/src/build/p3_ekf_adr/build/lib/p3_ekf_adr
copying p3_ekf_adr/motion_models/velocity_motion_models.py -> /home/fernando/AdR/p3_ws/src/build/p3_ekf_adr/build/lib/p3_ekf_adr/motion_models
copying p3_ekf_adr/motion_models/odometry_motion_models.py -> /home/fernando/AdR/p3_ws/src/build/p3_ekf_adr/build/lib/p3_ekf_adr/motion_models
copying p3_ekf_adr/filters/ekf.py -> /home/fernando/AdR/p3_ws/src/build/p3_ekf_adr/build/lib/p3_ekf_adr/filters
running install
running install_lib
copying /home/fernando/AdR/p3_ws/src/build/p3_ekf_adr/build/lib/p3_ekf_adr/kf_node.py -> /home/fernando/AdR/p3_ws/src/install/p3_ekf_adr/lib/python3.10/site-packages/p3_ekf_adr
copying /home/fernando/AdR/p3_ws/src/build/p3_ekf_adr/build/lib/p3_ekf_adr/motion_models/velocity_motion_models.py -> /home/fernando/AdR/p3_ws/src/install/p3_ekf_adr/lib/python3.10/site-packages/p3_ekf_adr/motion_models
copying /home/fernando/AdR/p3_ws/src/build/p3_ekf_adr/build/lib/p3_ekf_adr/motion_models/odometry_motion_models.py -> /home/fernando/AdR/p3_ws/src/install/p3_ekf_adr/lib/python3.10/site-packages/p3_ekf_adr/motion_models
copying /home/fernando/AdR/p3_ws/src/build/p3_ekf_adr/build/lib/p3_ekf_adr/ekf_8d_state_estimation.py -> /home/fernando/AdR/p3_ws/src/install/p3_ekf_adr/lib/python3.10/site-packages/p3_ekf_adr
copying /home/fernando/AdR/p3_ws/src/build/p3_ekf_adr/build/lib/p3_ekf_adr/ekf_7d_state_estimation.py -> /home/fernando/AdR/p3_ws/src/install/p3_ekf_adr/lib/python3.10/site-packages/p3_ekf_adr
copying /home/fernando/AdR/p3_ws/src/build/p3_ekf_adr/build/lib/p3_ekf_adr/filters/ekf.py -> /home/fernando/AdR/p3_ws/src/install/p3_ekf_adr/lib/python3.10/site-packages/p3_ekf_adr/filters
byte-compiling /home/fernando/AdR/p3_ws/src/install/p3_ekf_adr/lib/python3.10/site-packages/p3_ekf_adr/kf_node.py to kf_node.cpython-310.pyc
byte-compiling /home/fernando/AdR/p3_ws/src/install/p3_ekf_adr/lib/python3.10/site-packages/p3_ekf_adr/motion_models/velocity_motion_models.py to velocity_motion_models.cpython-310.pyc
byte-compiling /home/fernando/AdR/p3_ws/src/install/p3_ekf_adr/lib/python3.10/site-packages/p3_ekf_adr/motion_models/odometry_motion_models.py to odometry_motion_models.cpython-310.pyc
byte-compiling /home/fernando/AdR/p3_ws/src/install/p3_ekf_adr/lib/python3.10/site-packages/p3_ekf_adr/ekf_8d_state_estimation.py to ekf_8d_state_estimation.cpython-310.pyc
byte-compiling /home/fernando/AdR/p3_ws/src/install/p3_ekf_adr/lib/python3.10/site-packages/p3_ekf_adr/ekf_7d_state_estimation.py to ekf_7d_state_estimation.cpython-310.pyc
byte-compiling /home/fernando/AdR/p3_ws/src/install/p3_ekf_adr/lib/python3.10/site-packages/p3_ekf_adr/filters/ekf.py to ekf.cpython-310.pyc
running install_data
running install_egg_info
removing '/home/fernando/AdR/p3_ws/src/install/p3_ekf_adr/lib/python3.10/site-packages/p3_ekf_adr-0.0.0-py3.10.egg-info' (and everything under it)
Copying ../build/p3_ekf_adr/p3_ekf_adr.egg-info to /home/fernando/AdR/p3_ws/src/install/p3_ekf_adr/lib/python3.10/site-packages/p3_ekf_adr-0.0.0-py3.10.egg-info
running install_scripts
Installing ekf_estimation_3d script to /home/fernando/AdR/p3_ws/src/install/p3_ekf_adr/lib/p3_ekf_adr
Installing ekf_estimation_7d script to /home/fernando/AdR/p3_ws/src/install/p3_ekf_adr/lib/p3_ekf_adr
Installing ekf_estimation_8d script to /home/fernando/AdR/p3_ws/src/install/p3_ekf_adr/lib/p3_ekf_adr
writing list of installed files to '/home/fernando/AdR/p3_ws/src/build/p3_ekf_adr/install.log'
