/home/fernando/AdR/p3_ws/src/install/p3_ekf_adr/lib/python3.10/site-packages/p3_ekf_adr/kf_node.py
/home/fernando/AdR/p3_ws/src/install/p3_ekf_adr/lib/python3.10/site-packages/p3_ekf_adr/__init__.py
/home/fernando/AdR/p3_ws/src/install/p3_ekf_adr/lib/python3.10/site-packages/p3_ekf_adr/ekf_8d_state_estimation.py
/home/fernando/AdR/p3_ws/src/install/p3_ekf_adr/lib/python3.10/site-packages/p3_ekf_adr/ekf_7d_state_estimation.py
/home/fernando/AdR/p3_ws/src/install/p3_ekf_adr/lib/python3.10/site-packages/p3_ekf_adr/ekf_3d_state_estimation.py
/home/fernando/AdR/p3_ws/src/install/p3_ekf_adr/lib/python3.10/site-packages/p3_ekf_adr/common_utils/__init__.py
/home/fernando/AdR/p3_ws/src/install/p3_ekf_adr/lib/python3.10/site-packages/p3_ekf_adr/common_utils/helper_utils.py
/home/fernando/AdR/p3_ws/src/install/p3_ekf_adr/lib/python3.10/site-packages/p3_ekf_adr/common_utils/visualization.py
/home/fernando/AdR/p3_ws/src/install/p3_ekf_adr/lib/python3.10/site-packages/p3_ekf_adr/common_utils/sensor_utils.py
/home/fernando/AdR/p3_ws/src/install/p3_ekf_adr/lib/python3.10/site-packages/p3_ekf_adr/motion_models/velocity_motion_models.py
/home/fernando/AdR/p3_ws/src/install/p3_ekf_adr/lib/python3.10/site-packages/p3_ekf_adr/motion_models/odometry_motion_models.py
/home/fernando/AdR/p3_ws/src/install/p3_ekf_adr/lib/python3.10/site-packages/p3_ekf_adr/motion_models/__init__.py
/home/fernando/AdR/p3_ws/src/install/p3_ekf_adr/lib/python3.10/site-packages/p3_ekf_adr/motion_models/acceleration_motion_models.py
/home/fernando/AdR/p3_ws/src/install/p3_ekf_adr/lib/python3.10/site-packages/p3_ekf_adr/observation_models/odometry_imu_observation_models.py
/home/fernando/AdR/p3_ws/src/install/p3_ekf_adr/lib/python3.10/site-packages/p3_ekf_adr/observation_models/odometry_observation_models.py
/home/fernando/AdR/p3_ws/src/install/p3_ekf_adr/lib/python3.10/site-packages/p3_ekf_adr/observation_models/__init__.py
/home/fernando/AdR/p3_ws/src/install/p3_ekf_adr/lib/python3.10/site-packages/p3_ekf_adr/filters/ekf.py
/home/fernando/AdR/p3_ws/src/install/p3_ekf_adr/lib/python3.10/site-packages/p3_ekf_adr/filters/__init__.py
/home/fernando/AdR/p3_ws/src/install/p3_ekf_adr/lib/python3.10/site-packages/p3_ekf_adr/__pycache__/kf_node.cpython-310.pyc
/home/fernando/AdR/p3_ws/src/install/p3_ekf_adr/lib/python3.10/site-packages/p3_ekf_adr/__pycache__/__init__.cpython-310.pyc
/home/fernando/AdR/p3_ws/src/install/p3_ekf_adr/lib/python3.10/site-packages/p3_ekf_adr/__pycache__/ekf_8d_state_estimation.cpython-310.pyc
/home/fernando/AdR/p3_ws/src/install/p3_ekf_adr/lib/python3.10/site-packages/p3_ekf_adr/__pycache__/ekf_7d_state_estimation.cpython-310.pyc
/home/fernando/AdR/p3_ws/src/install/p3_ekf_adr/lib/python3.10/site-packages/p3_ekf_adr/__pycache__/ekf_3d_state_estimation.cpython-310.pyc
/home/fernando/AdR/p3_ws/src/install/p3_ekf_adr/lib/python3.10/site-packages/p3_ekf_adr/common_utils/__pycache__/__init__.cpython-310.pyc
/home/fernando/AdR/p3_ws/src/install/p3_ekf_adr/lib/python3.10/site-packages/p3_ekf_adr/common_utils/__pycache__/helper_utils.cpython-310.pyc
/home/fernando/AdR/p3_ws/src/install/p3_ekf_adr/lib/python3.10/site-packages/p3_ekf_adr/common_utils/__pycache__/visualization.cpython-310.pyc
/home/fernando/AdR/p3_ws/src/install/p3_ekf_adr/lib/python3.10/site-packages/p3_ekf_adr/common_utils/__pycache__/sensor_utils.cpython-310.pyc
/home/fernando/AdR/p3_ws/src/install/p3_ekf_adr/lib/python3.10/site-packages/p3_ekf_adr/motion_models/__pycache__/velocity_motion_models.cpython-310.pyc
/home/fernando/AdR/p3_ws/src/install/p3_ekf_adr/lib/python3.10/site-packages/p3_ekf_adr/motion_models/__pycache__/odometry_motion_models.cpython-310.pyc
/home/fernando/AdR/p3_ws/src/install/p3_ekf_adr/lib/python3.10/site-packages/p3_ekf_adr/motion_models/__pycache__/__init__.cpython-310.pyc
/home/fernando/AdR/p3_ws/src/install/p3_ekf_adr/lib/python3.10/site-packages/p3_ekf_adr/motion_models/__pycache__/acceleration_motion_models.cpython-310.pyc
/home/fernando/AdR/p3_ws/src/install/p3_ekf_adr/lib/python3.10/site-packages/p3_ekf_adr/observation_models/__pycache__/odometry_imu_observation_models.cpython-310.pyc
/home/fernando/AdR/p3_ws/src/install/p3_ekf_adr/lib/python3.10/site-packages/p3_ekf_adr/observation_models/__pycache__/odometry_observation_models.cpython-310.pyc
/home/fernando/AdR/p3_ws/src/install/p3_ekf_adr/lib/python3.10/site-packages/p3_ekf_adr/observation_models/__pycache__/__init__.cpython-310.pyc
/home/fernando/AdR/p3_ws/src/install/p3_ekf_adr/lib/python3.10/site-packages/p3_ekf_adr/filters/__pycache__/ekf.cpython-310.pyc
/home/fernando/AdR/p3_ws/src/install/p3_ekf_adr/lib/python3.10/site-packages/p3_ekf_adr/filters/__pycache__/__init__.cpython-310.pyc
/home/fernando/AdR/p3_ws/src/install/p3_ekf_adr/share/ament_index/resource_index/packages/p3_ekf_adr
/home/fernando/AdR/p3_ws/src/install/p3_ekf_adr/share/p3_ekf_adr/package.xml
/home/fernando/AdR/p3_ws/src/install/p3_ekf_adr/lib/python3.10/site-packages/p3_ekf_adr-0.0.0-py3.10.egg-info/top_level.txt
/home/fernando/AdR/p3_ws/src/install/p3_ekf_adr/lib/python3.10/site-packages/p3_ekf_adr-0.0.0-py3.10.egg-info/dependency_links.txt
/home/fernando/AdR/p3_ws/src/install/p3_ekf_adr/lib/python3.10/site-packages/p3_ekf_adr-0.0.0-py3.10.egg-info/requires.txt
/home/fernando/AdR/p3_ws/src/install/p3_ekf_adr/lib/python3.10/site-packages/p3_ekf_adr-0.0.0-py3.10.egg-info/entry_points.txt
/home/fernando/AdR/p3_ws/src/install/p3_ekf_adr/lib/python3.10/site-packages/p3_ekf_adr-0.0.0-py3.10.egg-info/zip-safe
/home/fernando/AdR/p3_ws/src/install/p3_ekf_adr/lib/python3.10/site-packages/p3_ekf_adr-0.0.0-py3.10.egg-info/SOURCES.txt
/home/fernando/AdR/p3_ws/src/install/p3_ekf_adr/lib/python3.10/site-packages/p3_ekf_adr-0.0.0-py3.10.egg-info/PKG-INFO
/home/fernando/AdR/p3_ws/src/install/p3_ekf_adr/lib/p3_ekf_adr/ekf_estimation_3d
/home/fernando/AdR/p3_ws/src/install/p3_ekf_adr/lib/p3_ekf_adr/ekf_estimation_7d
/home/fernando/AdR/p3_ws/src/install/p3_ekf_adr/lib/p3_ekf_adr/ekf_estimation_8d
