[0.549s] Invoking command in '/home/fernando/AdR/p3_ws/src/p3_ekf_adr': PYTHONPATH=/home/fernando/AdR/p3_ws/src/build/p3_ekf_adr/prefix_override:/usr/lib/python3/dist-packages/colcon_core/task/python/colcon_distutils_commands:/home/fernando/AdR/p3_ws/src/install/p3_ekf_adr/lib/python3.10/site-packages:${PYTHONPATH} /usr/bin/python3 -W ignore:setup.py install is deprecated -W ignore:easy_install command is deprecated setup.py egg_info --egg-base ../build/p3_ekf_adr build --build-base /home/fernando/AdR/p3_ws/src/build/p3_ekf_adr/build install --record /home/fernando/AdR/p3_ws/src/build/p3_ekf_adr/install.log --single-version-externally-managed install_data
[0.706s] running egg_info
[0.707s] creating ../build/p3_ekf_adr/p3_ekf_adr.egg-info
[0.707s] writing ../build/p3_ekf_adr/p3_ekf_adr.egg-info/PKG-INFO
[0.707s] writing dependency_links to ../build/p3_ekf_adr/p3_ekf_adr.egg-info/dependency_links.txt
[0.707s] writing entry points to ../build/p3_ekf_adr/p3_ekf_adr.egg-info/entry_points.txt
[0.707s] writing requirements to ../build/p3_ekf_adr/p3_ekf_adr.egg-info/requires.txt
[0.707s] writing top-level names to ../build/p3_ekf_adr/p3_ekf_adr.egg-info/top_level.txt
[0.707s] writing manifest file '../build/p3_ekf_adr/p3_ekf_adr.egg-info/SOURCES.txt'
[0.708s] reading manifest file '../build/p3_ekf_adr/p3_ekf_adr.egg-info/SOURCES.txt'
[0.708s] adding license file 'LICENSE'
[0.709s] writing manifest file '../build/p3_ekf_adr/p3_ekf_adr.egg-info/SOURCES.txt'
[0.709s] running build
[0.709s] running build_py
[0.709s] creating /home/fernando/AdR/p3_ws/src/build/p3_ekf_adr/build
[0.709s] creating /home/fernando/AdR/p3_ws/src/build/p3_ekf_adr/build/lib
[0.709s] creating /home/fernando/AdR/p3_ws/src/build/p3_ekf_adr/build/lib/p3_ekf_adr
[0.709s] copying p3_ekf_adr/kf_node.py -> /home/fernando/AdR/p3_ws/src/build/p3_ekf_adr/build/lib/p3_ekf_adr
[0.709s] copying p3_ekf_adr/__init__.py -> /home/fernando/AdR/p3_ws/src/build/p3_ekf_adr/build/lib/p3_ekf_adr
[0.709s] copying p3_ekf_adr/ekf_8d_state_estimation.py -> /home/fernando/AdR/p3_ws/src/build/p3_ekf_adr/build/lib/p3_ekf_adr
[0.709s] copying p3_ekf_adr/ekf_7d_state_estimation.py -> /home/fernando/AdR/p3_ws/src/build/p3_ekf_adr/build/lib/p3_ekf_adr
[0.709s] copying p3_ekf_adr/ekf_3d_state_estimation.py -> /home/fernando/AdR/p3_ws/src/build/p3_ekf_adr/build/lib/p3_ekf_adr
[0.709s] creating /home/fernando/AdR/p3_ws/src/build/p3_ekf_adr/build/lib/p3_ekf_adr/common_utils
[0.710s] copying p3_ekf_adr/common_utils/__init__.py -> /home/fernando/AdR/p3_ws/src/build/p3_ekf_adr/build/lib/p3_ekf_adr/common_utils
[0.710s] copying p3_ekf_adr/common_utils/helper_utils.py -> /home/fernando/AdR/p3_ws/src/build/p3_ekf_adr/build/lib/p3_ekf_adr/common_utils
[0.710s] copying p3_ekf_adr/common_utils/visualization.py -> /home/fernando/AdR/p3_ws/src/build/p3_ekf_adr/build/lib/p3_ekf_adr/common_utils
[0.710s] copying p3_ekf_adr/common_utils/sensor_utils.py -> /home/fernando/AdR/p3_ws/src/build/p3_ekf_adr/build/lib/p3_ekf_adr/common_utils
[0.710s] creating /home/fernando/AdR/p3_ws/src/build/p3_ekf_adr/build/lib/p3_ekf_adr/motion_models
[0.710s] copying p3_ekf_adr/motion_models/velocity_motion_models.py -> /home/fernando/AdR/p3_ws/src/build/p3_ekf_adr/build/lib/p3_ekf_adr/motion_models
[0.710s] copying p3_ekf_adr/motion_models/odometry_motion_models.py -> /home/fernando/AdR/p3_ws/src/build/p3_ekf_adr/build/lib/p3_ekf_adr/motion_models
[0.710s] copying p3_ekf_adr/motion_models/__init__.py -> /home/fernando/AdR/p3_ws/src/build/p3_ekf_adr/build/lib/p3_ekf_adr/motion_models
[0.710s] copying p3_ekf_adr/motion_models/acceleration_motion_models.py -> /home/fernando/AdR/p3_ws/src/build/p3_ekf_adr/build/lib/p3_ekf_adr/motion_models
[0.710s] creating /home/fernando/AdR/p3_ws/src/build/p3_ekf_adr/build/lib/p3_ekf_adr/observation_models
[0.710s] copying p3_ekf_adr/observation_models/odometry_imu_observation_models.py -> /home/fernando/AdR/p3_ws/src/build/p3_ekf_adr/build/lib/p3_ekf_adr/observation_models
[0.710s] copying p3_ekf_adr/observation_models/odometry_observation_models.py -> /home/fernando/AdR/p3_ws/src/build/p3_ekf_adr/build/lib/p3_ekf_adr/observation_models
[0.710s] copying p3_ekf_adr/observation_models/__init__.py -> /home/fernando/AdR/p3_ws/src/build/p3_ekf_adr/build/lib/p3_ekf_adr/observation_models
[0.710s] creating /home/fernando/AdR/p3_ws/src/build/p3_ekf_adr/build/lib/p3_ekf_adr/filters
[0.710s] copying p3_ekf_adr/filters/ekf.py -> /home/fernando/AdR/p3_ws/src/build/p3_ekf_adr/build/lib/p3_ekf_adr/filters
[0.710s] copying p3_ekf_adr/filters/__init__.py -> /home/fernando/AdR/p3_ws/src/build/p3_ekf_adr/build/lib/p3_ekf_adr/filters
[0.711s] running install
[0.711s] running install_lib
[0.712s] creating /home/fernando/AdR/p3_ws/src/install/p3_ekf_adr/lib/python3.10/site-packages/p3_ekf_adr
[0.712s] creating /home/fernando/AdR/p3_ws/src/install/p3_ekf_adr/lib/python3.10/site-packages/p3_ekf_adr/common_utils
[0.712s] copying /home/fernando/AdR/p3_ws/src/build/p3_ekf_adr/build/lib/p3_ekf_adr/common_utils/__init__.py -> /home/fernando/AdR/p3_ws/src/install/p3_ekf_adr/lib/python3.10/site-packages/p3_ekf_adr/common_utils
[0.712s] copying /home/fernando/AdR/p3_ws/src/build/p3_ekf_adr/build/lib/p3_ekf_adr/common_utils/helper_utils.py -> /home/fernando/AdR/p3_ws/src/install/p3_ekf_adr/lib/python3.10/site-packages/p3_ekf_adr/common_utils
[0.712s] copying /home/fernando/AdR/p3_ws/src/build/p3_ekf_adr/build/lib/p3_ekf_adr/common_utils/visualization.py -> /home/fernando/AdR/p3_ws/src/install/p3_ekf_adr/lib/python3.10/site-packages/p3_ekf_adr/common_utils
[0.712s] copying /home/fernando/AdR/p3_ws/src/build/p3_ekf_adr/build/lib/p3_ekf_adr/common_utils/sensor_utils.py -> /home/fernando/AdR/p3_ws/src/install/p3_ekf_adr/lib/python3.10/site-packages/p3_ekf_adr/common_utils
[0.713s] copying /home/fernando/AdR/p3_ws/src/build/p3_ekf_adr/build/lib/p3_ekf_adr/kf_node.py -> /home/fernando/AdR/p3_ws/src/install/p3_ekf_adr/lib/python3.10/site-packages/p3_ekf_adr
[0.713s] creating /home/fernando/AdR/p3_ws/src/install/p3_ekf_adr/lib/python3.10/site-packages/p3_ekf_adr/motion_models
[0.713s] copying /home/fernando/AdR/p3_ws/src/build/p3_ekf_adr/build/lib/p3_ekf_adr/motion_models/velocity_motion_models.py -> /home/fernando/AdR/p3_ws/src/install/p3_ekf_adr/lib/python3.10/site-packages/p3_ekf_adr/motion_models
[0.713s] copying /home/fernando/AdR/p3_ws/src/build/p3_ekf_adr/build/lib/p3_ekf_adr/motion_models/odometry_motion_models.py -> /home/fernando/AdR/p3_ws/src/install/p3_ekf_adr/lib/python3.10/site-packages/p3_ekf_adr/motion_models
[0.713s] copying /home/fernando/AdR/p3_ws/src/build/p3_ekf_adr/build/lib/p3_ekf_adr/motion_models/__init__.py -> /home/fernando/AdR/p3_ws/src/install/p3_ekf_adr/lib/python3.10/site-packages/p3_ekf_adr/motion_models
[0.713s] copying /home/fernando/AdR/p3_ws/src/build/p3_ekf_adr/build/lib/p3_ekf_adr/motion_models/acceleration_motion_models.py -> /home/fernando/AdR/p3_ws/src/install/p3_ekf_adr/lib/python3.10/site-packages/p3_ekf_adr/motion_models
[0.713s] copying /home/fernando/AdR/p3_ws/src/build/p3_ekf_adr/build/lib/p3_ekf_adr/__init__.py -> /home/fernando/AdR/p3_ws/src/install/p3_ekf_adr/lib/python3.10/site-packages/p3_ekf_adr
[0.713s] copying /home/fernando/AdR/p3_ws/src/build/p3_ekf_adr/build/lib/p3_ekf_adr/ekf_8d_state_estimation.py -> /home/fernando/AdR/p3_ws/src/install/p3_ekf_adr/lib/python3.10/site-packages/p3_ekf_adr
[0.713s] creating /home/fernando/AdR/p3_ws/src/install/p3_ekf_adr/lib/python3.10/site-packages/p3_ekf_adr/observation_models
[0.713s] copying /home/fernando/AdR/p3_ws/src/build/p3_ekf_adr/build/lib/p3_ekf_adr/observation_models/odometry_imu_observation_models.py -> /home/fernando/AdR/p3_ws/src/install/p3_ekf_adr/lib/python3.10/site-packages/p3_ekf_adr/observation_models
[0.713s] copying /home/fernando/AdR/p3_ws/src/build/p3_ekf_adr/build/lib/p3_ekf_adr/observation_models/odometry_observation_models.py -> /home/fernando/AdR/p3_ws/src/install/p3_ekf_adr/lib/python3.10/site-packages/p3_ekf_adr/observation_models
[0.713s] copying /home/fernando/AdR/p3_ws/src/build/p3_ekf_adr/build/lib/p3_ekf_adr/observation_models/__init__.py -> /home/fernando/AdR/p3_ws/src/install/p3_ekf_adr/lib/python3.10/site-packages/p3_ekf_adr/observation_models
[0.713s] copying /home/fernando/AdR/p3_ws/src/build/p3_ekf_adr/build/lib/p3_ekf_adr/ekf_7d_state_estimation.py -> /home/fernando/AdR/p3_ws/src/install/p3_ekf_adr/lib/python3.10/site-packages/p3_ekf_adr
[0.713s] creating /home/fernando/AdR/p3_ws/src/install/p3_ekf_adr/lib/python3.10/site-packages/p3_ekf_adr/filters
[0.713s] copying /home/fernando/AdR/p3_ws/src/build/p3_ekf_adr/build/lib/p3_ekf_adr/filters/ekf.py -> /home/fernando/AdR/p3_ws/src/install/p3_ekf_adr/lib/python3.10/site-packages/p3_ekf_adr/filters
[0.714s] copying /home/fernando/AdR/p3_ws/src/build/p3_ekf_adr/build/lib/p3_ekf_adr/filters/__init__.py -> /home/fernando/AdR/p3_ws/src/install/p3_ekf_adr/lib/python3.10/site-packages/p3_ekf_adr/filters
[0.714s] copying /home/fernando/AdR/p3_ws/src/build/p3_ekf_adr/build/lib/p3_ekf_adr/ekf_3d_state_estimation.py -> /home/fernando/AdR/p3_ws/src/install/p3_ekf_adr/lib/python3.10/site-packages/p3_ekf_adr
[0.714s] byte-compiling /home/fernando/AdR/p3_ws/src/install/p3_ekf_adr/lib/python3.10/site-packages/p3_ekf_adr/common_utils/__init__.py to __init__.cpython-310.pyc
[0.714s] byte-compiling /home/fernando/AdR/p3_ws/src/install/p3_ekf_adr/lib/python3.10/site-packages/p3_ekf_adr/common_utils/helper_utils.py to helper_utils.cpython-310.pyc
[0.714s] byte-compiling /home/fernando/AdR/p3_ws/src/install/p3_ekf_adr/lib/python3.10/site-packages/p3_ekf_adr/common_utils/visualization.py to visualization.cpython-310.pyc
[0.715s] byte-compiling /home/fernando/AdR/p3_ws/src/install/p3_ekf_adr/lib/python3.10/site-packages/p3_ekf_adr/common_utils/sensor_utils.py to sensor_utils.cpython-310.pyc
[0.716s] byte-compiling /home/fernando/AdR/p3_ws/src/install/p3_ekf_adr/lib/python3.10/site-packages/p3_ekf_adr/kf_node.py to kf_node.cpython-310.pyc
[0.716s] byte-compiling /home/fernando/AdR/p3_ws/src/install/p3_ekf_adr/lib/python3.10/site-packages/p3_ekf_adr/motion_models/velocity_motion_models.py to velocity_motion_models.cpython-310.pyc
[0.717s] byte-compiling /home/fernando/AdR/p3_ws/src/install/p3_ekf_adr/lib/python3.10/site-packages/p3_ekf_adr/motion_models/odometry_motion_models.py to odometry_motion_models.cpython-310.pyc
[0.717s] byte-compiling /home/fernando/AdR/p3_ws/src/install/p3_ekf_adr/lib/python3.10/site-packages/p3_ekf_adr/motion_models/__init__.py to __init__.cpython-310.pyc
[0.717s] byte-compiling /home/fernando/AdR/p3_ws/src/install/p3_ekf_adr/lib/python3.10/site-packages/p3_ekf_adr/motion_models/acceleration_motion_models.py to acceleration_motion_models.cpython-310.pyc
[0.718s] byte-compiling /home/fernando/AdR/p3_ws/src/install/p3_ekf_adr/lib/python3.10/site-packages/p3_ekf_adr/__init__.py to __init__.cpython-310.pyc
[0.718s] byte-compiling /home/fernando/AdR/p3_ws/src/install/p3_ekf_adr/lib/python3.10/site-packages/p3_ekf_adr/ekf_8d_state_estimation.py to ekf_8d_state_estimation.cpython-310.pyc
[0.718s] byte-compiling /home/fernando/AdR/p3_ws/src/install/p3_ekf_adr/lib/python3.10/site-packages/p3_ekf_adr/observation_models/odometry_imu_observation_models.py to odometry_imu_observation_models.cpython-310.pyc
[0.719s] byte-compiling /home/fernando/AdR/p3_ws/src/install/p3_ekf_adr/lib/python3.10/site-packages/p3_ekf_adr/observation_models/odometry_observation_models.py to odometry_observation_models.cpython-310.pyc
[0.719s] byte-compiling /home/fernando/AdR/p3_ws/src/install/p3_ekf_adr/lib/python3.10/site-packages/p3_ekf_adr/observation_models/__init__.py to __init__.cpython-310.pyc
[0.719s] byte-compiling /home/fernando/AdR/p3_ws/src/install/p3_ekf_adr/lib/python3.10/site-packages/p3_ekf_adr/ekf_7d_state_estimation.py to ekf_7d_state_estimation.cpython-310.pyc
[0.719s] byte-compiling /home/fernando/AdR/p3_ws/src/install/p3_ekf_adr/lib/python3.10/site-packages/p3_ekf_adr/filters/ekf.py to ekf.cpython-310.pyc
[0.719s] Sorry: TabError: inconsistent use of tabs and spaces in indentation (ekf.py, line 57)
[0.719s] byte-compiling /home/fernando/AdR/p3_ws/src/install/p3_ekf_adr/lib/python3.10/site-packages/p3_ekf_adr/filters/__init__.py to __init__.cpython-310.pyc
[0.720s] byte-compiling /home/fernando/AdR/p3_ws/src/install/p3_ekf_adr/lib/python3.10/site-packages/p3_ekf_adr/ekf_3d_state_estimation.py to ekf_3d_state_estimation.cpython-310.pyc
[0.720s] running install_data
[0.720s] creating /home/fernando/AdR/p3_ws/src/install/p3_ekf_adr/share/ament_index
[0.720s] creating /home/fernando/AdR/p3_ws/src/install/p3_ekf_adr/share/ament_index/resource_index
[0.720s] creating /home/fernando/AdR/p3_ws/src/install/p3_ekf_adr/share/ament_index/resource_index/packages
[0.720s] copying resource/p3_ekf_adr -> /home/fernando/AdR/p3_ws/src/install/p3_ekf_adr/share/ament_index/resource_index/packages
[0.720s] copying package.xml -> /home/fernando/AdR/p3_ws/src/install/p3_ekf_adr/share/p3_ekf_adr
[0.720s] running install_egg_info
[0.721s] Copying ../build/p3_ekf_adr/p3_ekf_adr.egg-info to /home/fernando/AdR/p3_ws/src/install/p3_ekf_adr/lib/python3.10/site-packages/p3_ekf_adr-0.0.0-py3.10.egg-info
[0.722s] running install_scripts
[0.736s] Installing ekf_estimation_3d script to /home/fernando/AdR/p3_ws/src/install/p3_ekf_adr/lib/p3_ekf_adr
[0.736s] Installing ekf_estimation_7d script to /home/fernando/AdR/p3_ws/src/install/p3_ekf_adr/lib/p3_ekf_adr
[0.736s] Installing ekf_estimation_8d script to /home/fernando/AdR/p3_ws/src/install/p3_ekf_adr/lib/p3_ekf_adr
[0.736s] writing list of installed files to '/home/fernando/AdR/p3_ws/src/build/p3_ekf_adr/install.log'
[0.753s] Invoked command in '/home/fernando/AdR/p3_ws/src/p3_ekf_adr' returned '0': PYTHONPATH=/home/fernando/AdR/p3_ws/src/build/p3_ekf_adr/prefix_override:/usr/lib/python3/dist-packages/colcon_core/task/python/colcon_distutils_commands:/home/fernando/AdR/p3_ws/src/install/p3_ekf_adr/lib/python3.10/site-packages:${PYTHONPATH} /usr/bin/python3 -W ignore:setup.py install is deprecated -W ignore:easy_install command is deprecated setup.py egg_info --egg-base ../build/p3_ekf_adr build --build-base /home/fernando/AdR/p3_ws/src/build/p3_ekf_adr/build install --record /home/fernando/AdR/p3_ws/src/build/p3_ekf_adr/install.log --single-version-externally-managed install_data
